<?xml version="1.0" encoding="UTF-8"?>
<testsuite xmlns:xsi="http://www.w3.org/2001/XMLSchema-instance" xsi:noNamespaceSchemaLocation="https://maven.apache.org/surefire/maven-surefire-plugin/xsd/surefire-test-report-3.0.xsd" version="3.0" name="TestSuite" time="1.637" tests="2" errors="0" skipped="0" failures="0">
  <properties>
    <property name="sun.desktop" value="gnome"/>
    <property name="awt.toolkit" value="sun.awt.X11.XToolkit"/>
    <property name="java.specification.version" value="11"/>
    <property name="webdriver.chrome.driver" value="./src/main/resources/chromedriver"/>
    <property name="sun.cpu.isalist" value=""/>
    <property name="sun.jnu.encoding" value="UTF-8"/>
    <property name="java.class.path" value="/home/nileshsharma/Documents/LendFoundryLOS/Nilesh Sharma/Assess/target/test-classes:/home/nileshsharma/Documents/LendFoundryLOS/Nilesh Sharma/Assess/target/classes:/home/nileshsharma/.m2/repository/org/apache/axis2/axis2-adb/1.8.2/axis2-adb-1.8.2.jar:/home/nileshsharma/.m2/repository/org/apache/axis2/axis2-kernel/1.8.2/axis2-kernel-1.8.2.jar:/home/nileshsharma/.m2/repository/org/apache/ws/commons/axiom/axiom-api/1.4.0/axiom-api-1.4.0.jar:/home/nileshsharma/.m2/repository/jaxen/jaxen/1.2.0/jaxen-1.2.0.jar:/home/nileshsharma/.m2/repository/org/apache/james/apache-mime4j-core/0.8.6/apache-mime4j-core-0.8.6.jar:/home/nileshsharma/.m2/repository/jakarta/activation/jakarta.activation-api/1.2.2/jakarta.activation-api-1.2.2.jar:/home/nileshsharma/.m2/repository/org/apache/ws/commons/axiom/axiom-impl/1.4.0/axiom-impl-1.4.0.jar:/home/nileshsharma/.m2/repository/org/apache/geronimo/specs/geronimo-ws-metadata_2.0_spec/1.1.3/geronimo-ws-metadata_2.0_spec-1.1.3.jar:/home/nileshsharma/.m2/repository/javax/transaction/javax.transaction-api/1.3/javax.transaction-api-1.3.jar:/home/nileshsharma/.m2/repository/javax/servlet/javax.servlet-api/3.1.0/javax.servlet-api-3.1.0.jar:/home/nileshsharma/.m2/repository/commons-fileupload/commons-fileupload/1.4/commons-fileupload-1.4.jar:/home/nileshsharma/.m2/repository/wsdl4j/wsdl4j/1.6.3/wsdl4j-1.6.3.jar:/home/nileshsharma/.m2/repository/org/apache/ws/xmlschema/xmlschema-core/2.3.0/xmlschema-core-2.3.0.jar:/home/nileshsharma/.m2/repository/org/apache/neethi/neethi/3.2.0/neethi-3.2.0.jar:/home/nileshsharma/.m2/repository/org/apache/woden/woden-core/1.0M10/woden-core-1.0M10.jar:/home/nileshsharma/.m2/repository/commons-logging/commons-logging/1.2/commons-logging-1.2.jar:/home/nileshsharma/.m2/repository/javax/ws/rs/jsr311-api/1.1.1/jsr311-api-1.1.1.jar:/home/nileshsharma/.m2/repository/org/apache/ws/commons/axiom/axiom-dom/1.4.0/axiom-dom-1.4.0.jar:/home/nileshsharma/.m2/repository/com/fasterxml/woodstox/woodstox-core/6.2.8/woodstox-core-6.2.8.jar:/home/nileshsharma/.m2/repository/org/codehaus/woodstox/stax2-api/4.2.1/stax2-api-4.2.1.jar:/home/nileshsharma/.m2/repository/org/apache/axis2/axis2-transport-http/1.8.2/axis2-transport-http-1.8.2.jar:/home/nileshsharma/.m2/repository/org/apache/httpcomponents/httpclient/4.5.13/httpclient-4.5.13.jar:/home/nileshsharma/.m2/repository/org/apache/httpcomponents/httpcore/4.4.13/httpcore-4.4.13.jar:/home/nileshsharma/.m2/repository/org/apache/axis2/axis2-transport-local/1.8.2/axis2-transport-local-1.8.2.jar:/home/nileshsharma/.m2/repository/org/testng/testng/7.5/testng-7.5.jar:/home/nileshsharma/.m2/repository/com/google/code/findbugs/jsr305/3.0.1/jsr305-3.0.1.jar:/home/nileshsharma/.m2/repository/com/beust/jcommander/1.78/jcommander-1.78.jar:/home/nileshsharma/.m2/repository/org/webjars/jquery/3.5.1/jquery-3.5.1.jar:/home/nileshsharma/.m2/repository/org/slf4j/slf4j-log4j12/2.0.0-alpha6/slf4j-log4j12-2.0.0-alpha6.jar:/home/nileshsharma/.m2/repository/log4j/log4j/1.2.17/log4j-1.2.17.jar:/home/nileshsharma/.m2/repository/org/seleniumhq/selenium/selenium-java/4.8.3/selenium-java-4.8.3.jar:/home/nileshsharma/.m2/repository/org/seleniumhq/selenium/selenium-api/4.8.3/selenium-api-4.8.3.jar:/home/nileshsharma/.m2/repository/org/seleniumhq/selenium/selenium-chrome-driver/4.8.3/selenium-chrome-driver-4.8.3.jar:/home/nileshsharma/.m2/repository/com/google/guava/guava/31.1-jre/guava-31.1-jre.jar:/home/nileshsharma/.m2/repository/com/google/guava/failureaccess/1.0.1/failureaccess-1.0.1.jar:/home/nileshsharma/.m2/repository/com/google/guava/listenablefuture/9999.0-empty-to-avoid-conflict-with-guava/listenablefuture-9999.0-empty-to-avoid-conflict-with-guava.jar:/home/nileshsharma/.m2/repository/org/checkerframework/checker-qual/3.12.0/checker-qual-3.12.0.jar:/home/nileshsharma/.m2/repository/com/google/errorprone/error_prone_annotations/2.11.0/error_prone_annotations-2.11.0.jar:/home/nileshsharma/.m2/repository/com/google/j2objc/j2objc-annotations/1.3/j2objc-annotations-1.3.jar:/home/nileshsharma/.m2/repository/org/seleniumhq/selenium/selenium-chromium-driver/4.8.3/selenium-chromium-driver-4.8.3.jar:/home/nileshsharma/.m2/repository/org/seleniumhq/selenium/selenium-json/4.8.3/selenium-json-4.8.3.jar:/home/nileshsharma/.m2/repository/org/seleniumhq/selenium/selenium-manager/4.8.3/selenium-manager-4.8.3.jar:/home/nileshsharma/.m2/repository/org/seleniumhq/selenium/selenium-devtools-v109/4.8.3/selenium-devtools-v109-4.8.3.jar:/home/nileshsharma/.m2/repository/org/seleniumhq/selenium/selenium-devtools-v110/4.8.3/selenium-devtools-v110-4.8.3.jar:/home/nileshsharma/.m2/repository/org/seleniumhq/selenium/selenium-devtools-v111/4.8.3/selenium-devtools-v111-4.8.3.jar:/home/nileshsharma/.m2/repository/org/seleniumhq/selenium/selenium-devtools-v85/4.8.3/selenium-devtools-v85-4.8.3.jar:/home/nileshsharma/.m2/repository/org/seleniumhq/selenium/selenium-edge-driver/4.8.3/selenium-edge-driver-4.8.3.jar:/home/nileshsharma/.m2/repository/org/seleniumhq/selenium/selenium-firefox-driver/4.8.3/selenium-firefox-driver-4.8.3.jar:/home/nileshsharma/.m2/repository/org/seleniumhq/selenium/selenium-ie-driver/4.8.3/selenium-ie-driver-4.8.3.jar:/home/nileshsharma/.m2/repository/org/seleniumhq/selenium/selenium-remote-driver/4.8.3/selenium-remote-driver-4.8.3.jar:/home/nileshsharma/.m2/repository/io/netty/netty-buffer/4.1.90.Final/netty-buffer-4.1.90.Final.jar:/home/nileshsharma/.m2/repository/io/netty/netty-codec-http/4.1.90.Final/netty-codec-http-4.1.90.Final.jar:/home/nileshsharma/.m2/repository/io/netty/netty-codec/4.1.90.Final/netty-codec-4.1.90.Final.jar:/home/nileshsharma/.m2/repository/io/netty/netty-handler/4.1.90.Final/netty-handler-4.1.90.Final.jar:/home/nileshsharma/.m2/repository/io/netty/netty-common/4.1.90.Final/netty-common-4.1.90.Final.jar:/home/nileshsharma/.m2/repository/io/netty/netty-transport-classes-epoll/4.1.90.Final/netty-transport-classes-epoll-4.1.90.Final.jar:/home/nileshsharma/.m2/repository/io/netty/netty-transport-classes-kqueue/4.1.90.Final/netty-transport-classes-kqueue-4.1.90.Final.jar:/home/nileshsharma/.m2/repository/io/netty/netty-transport-native-epoll/4.1.90.Final/netty-transport-native-epoll-4.1.90.Final.jar:/home/nileshsharma/.m2/repository/io/netty/netty-transport-native-kqueue/4.1.90.Final/netty-transport-native-kqueue-4.1.90.Final.jar:/home/nileshsharma/.m2/repository/io/netty/netty-transport-native-unix-common/4.1.90.Final/netty-transport-native-unix-common-4.1.90.Final.jar:/home/nileshsharma/.m2/repository/io/netty/netty-transport/4.1.90.Final/netty-transport-4.1.90.Final.jar:/home/nileshsharma/.m2/repository/io/netty/netty-resolver/4.1.90.Final/netty-resolver-4.1.90.Final.jar:/home/nileshsharma/.m2/repository/io/opentelemetry/opentelemetry-api/1.24.0/opentelemetry-api-1.24.0.jar:/home/nileshsharma/.m2/repository/io/opentelemetry/opentelemetry-context/1.24.0/opentelemetry-context-1.24.0.jar:/home/nileshsharma/.m2/repository/io/opentelemetry/opentelemetry-exporter-logging/1.24.0/opentelemetry-exporter-logging-1.24.0.jar:/home/nileshsharma/.m2/repository/io/opentelemetry/opentelemetry-sdk-metrics/1.24.0/opentelemetry-sdk-metrics-1.24.0.jar:/home/nileshsharma/.m2/repository/io/opentelemetry/opentelemetry-sdk-logs/1.24.0-alpha/opentelemetry-sdk-logs-1.24.0-alpha.jar:/home/nileshsharma/.m2/repository/io/opentelemetry/opentelemetry-api-logs/1.24.0-alpha/opentelemetry-api-logs-1.24.0-alpha.jar:/home/nileshsharma/.m2/repository/io/opentelemetry/opentelemetry-api-events/1.24.0-alpha/opentelemetry-api-events-1.24.0-alpha.jar:/home/nileshsharma/.m2/repository/io/opentelemetry/opentelemetry-sdk-common/1.24.0/opentelemetry-sdk-common-1.24.0.jar:/home/nileshsharma/.m2/repository/io/opentelemetry/opentelemetry-sdk-extension-autoconfigure-spi/1.24.0/opentelemetry-sdk-extension-autoconfigure-spi-1.24.0.jar:/home/nileshsharma/.m2/repository/io/opentelemetry/opentelemetry-sdk-extension-autoconfigure/1.24.0-alpha/opentelemetry-sdk-extension-autoconfigure-1.24.0-alpha.jar:/home/nileshsharma/.m2/repository/io/opentelemetry/opentelemetry-sdk-trace/1.24.0/opentelemetry-sdk-trace-1.24.0.jar:/home/nileshsharma/.m2/repository/io/opentelemetry/opentelemetry-sdk/1.24.0/opentelemetry-sdk-1.24.0.jar:/home/nileshsharma/.m2/repository/io/opentelemetry/opentelemetry-semconv/1.24.0-alpha/opentelemetry-semconv-1.24.0-alpha.jar:/home/nileshsharma/.m2/repository/io/ous/jtoml/2.0.0/jtoml-2.0.0.jar:/home/nileshsharma/.m2/repository/net/bytebuddy/byte-buddy/1.14.2/byte-buddy-1.14.2.jar:/home/nileshsharma/.m2/repository/org/apache/commons/commons-exec/1.3/commons-exec-1.3.jar:/home/nileshsharma/.m2/repository/org/asynchttpclient/async-http-client/2.12.3/async-http-client-2.12.3.jar:/home/nileshsharma/.m2/repository/org/asynchttpclient/async-http-client-netty-utils/2.12.3/async-http-client-netty-utils-2.12.3.jar:/home/nileshsharma/.m2/repository/io/netty/netty-codec-socks/4.1.60.Final/netty-codec-socks-4.1.60.Final.jar:/home/nileshsharma/.m2/repository/io/netty/netty-handler-proxy/4.1.60.Final/netty-handler-proxy-4.1.60.Final.jar:/home/nileshsharma/.m2/repository/io/netty/netty-transport-native-epoll/4.1.60.Final/netty-transport-native-epoll-4.1.60.Final-linux-x86_64.jar:/home/nileshsharma/.m2/repository/io/netty/netty-transport-native-kqueue/4.1.60.Final/netty-transport-native-kqueue-4.1.60.Final-osx-x86_64.jar:/home/nileshsharma/.m2/repository/com/typesafe/netty/netty-reactive-streams/2.0.4/netty-reactive-streams-2.0.4.jar:/home/nileshsharma/.m2/repository/com/sun/activation/jakarta.activation/1.2.2/jakarta.activation-1.2.2.jar:/home/nileshsharma/.m2/repository/org/seleniumhq/selenium/selenium-safari-driver/4.8.3/selenium-safari-driver-4.8.3.jar:/home/nileshsharma/.m2/repository/org/seleniumhq/selenium/selenium-support/4.8.3/selenium-support-4.8.3.jar:/home/nileshsharma/.m2/repository/commons-io/commons-io/2.11.0/commons-io-2.11.0.jar:/home/nileshsharma/.m2/repository/org/seleniumhq/selenium/selenium-http-jdk-client/4.8.1/selenium-http-jdk-client-4.8.1.jar:/home/nileshsharma/.m2/repository/com/google/auto/service/auto-service-annotations/1.0.1/auto-service-annotations-1.0.1.jar:/home/nileshsharma/.m2/repository/com/google/auto/service/auto-service/1.0.1/auto-service-1.0.1.jar:/home/nileshsharma/.m2/repository/com/google/auto/auto-common/1.2/auto-common-1.2.jar:/home/nileshsharma/.m2/repository/org/seleniumhq/selenium/selenium-http/4.8.1/selenium-http-4.8.1.jar:/home/nileshsharma/.m2/repository/dev/failsafe/failsafe/3.3.0/failsafe-3.3.0.jar:/home/nileshsharma/.m2/repository/org/apache/poi/poi-ooxml/3.17/poi-ooxml-3.17.jar:/home/nileshsharma/.m2/repository/org/apache/poi/poi-ooxml-schemas/3.17/poi-ooxml-schemas-3.17.jar:/home/nileshsharma/.m2/repository/org/apache/xmlbeans/xmlbeans/2.6.0/xmlbeans-2.6.0.jar:/home/nileshsharma/.m2/repository/stax/stax-api/1.0.1/stax-api-1.0.1.jar:/home/nileshsharma/.m2/repository/com/github/virtuald/curvesapi/1.04/curvesapi-1.04.jar:/home/nileshsharma/.m2/repository/org/apache/poi/poi/3.17/poi-3.17.jar:/home/nileshsharma/.m2/repository/commons-codec/commons-codec/1.10/commons-codec-1.10.jar:/home/nileshsharma/.m2/repository/org/apache/commons/commons-collections4/4.1/commons-collections4-4.1.jar:/home/nileshsharma/.m2/repository/org/slf4j/slf4j-api/2.0.3/slf4j-api-2.0.3.jar:/home/nileshsharma/.m2/repository/org/apache/commons/commons-email/1.5/commons-email-1.5.jar:/home/nileshsharma/.m2/repository/com/sun/mail/javax.mail/1.6.2/javax.mail-1.6.2.jar:/home/nileshsharma/.m2/repository/javax/activation/activation/1.1.1/activation-1.1.1.jar:/home/nileshsharma/.m2/repository/com/aventstack/extentreports/5.0.9/extentreports-5.0.9.jar:/home/nileshsharma/.m2/repository/io/reactivex/rxjava3/rxjava/3.0.4/rxjava-3.0.4.jar:/home/nileshsharma/.m2/repository/org/reactivestreams/reactive-streams/1.0.3/reactive-streams-1.0.3.jar:/home/nileshsharma/.m2/repository/org/freemarker/freemarker/2.3.30/freemarker-2.3.30.jar:/home/nileshsharma/.m2/repository/org/projectlombok/lombok/1.18.12/lombok-1.18.12.jar:/home/nileshsharma/.m2/repository/com/google/code/gson/gson/2.8.6/gson-2.8.6.jar:/home/nileshsharma/.m2/repository/org/springframework/boot/spring-boot-maven-plugin/2.7.9/spring-boot-maven-plugin-2.7.9.jar:/home/nileshsharma/.m2/repository/org/springframework/boot/spring-boot-buildpack-platform/2.7.9/spring-boot-buildpack-platform-2.7.9.jar:/home/nileshsharma/.m2/repository/com/fasterxml/jackson/core/jackson-databind/2.13.5/jackson-databind-2.13.5.jar:/home/nileshsharma/.m2/repository/com/fasterxml/jackson/core/jackson-annotations/2.13.5/jackson-annotations-2.13.5.jar:/home/nileshsharma/.m2/repository/com/fasterxml/jackson/core/jackson-core/2.13.5/jackson-core-2.13.5.jar:/home/nileshsharma/.m2/repository/com/fasterxml/jackson/module/jackson-module-parameter-names/2.13.5/jackson-module-parameter-names-2.13.5.jar:/home/nileshsharma/.m2/repository/net/java/dev/jna/jna-platform/5.7.0/jna-platform-5.7.0.jar:/home/nileshsharma/.m2/repository/net/java/dev/jna/jna/5.7.0/jna-5.7.0.jar:/home/nileshsharma/.m2/repository/org/apache/commons/commons-compress/1.21/commons-compress-1.21.jar:/home/nileshsharma/.m2/repository/org/springframework/spring-core/5.3.25/spring-core-5.3.25.jar:/home/nileshsharma/.m2/repository/org/springframework/spring-jcl/5.3.25/spring-jcl-5.3.25.jar:/home/nileshsharma/.m2/repository/org/tomlj/tomlj/1.0.0/tomlj-1.0.0.jar:/home/nileshsharma/.m2/repository/org/antlr/antlr4-runtime/4.7.2/antlr4-runtime-4.7.2.jar:/home/nileshsharma/.m2/repository/org/springframework/boot/spring-boot-loader-tools/2.7.9/spring-boot-loader-tools-2.7.9.jar:/home/nileshsharma/.m2/repository/org/sonatype/plexus/plexus-build-api/0.0.7/plexus-build-api-0.0.7.jar:/home/nileshsharma/.m2/repository/org/codehaus/plexus/plexus-utils/1.5.8/plexus-utils-1.5.8.jar:"/>
    <property name="java.vm.vendor" value="Ubuntu"/>
    <property name="sun.arch.data.model" value="64"/>
    <property name="java.vendor.url" value="https://ubuntu.com/"/>
    <property name="user.timezone" value="Asia/Kolkata"/>
    <property name="java.vm.specification.version" value="11"/>
    <property name="os.name" value="Linux"/>
    <property name="sun.java.launcher" value="SUN_STANDARD"/>
    <property name="user.country" value="IN"/>
    <property name="sun.boot.library.path" value="/usr/lib/jvm/java-11-openjdk-amd64/lib"/>
    <property name="sun.java.command" value="/home/nileshsharma/Documents/LendFoundryLOS/Nilesh Sharma/Assess/target/surefire/surefirebooter-20230425224249994_3.jar /home/nileshsharma/Documents/LendFoundryLOS/Nilesh Sharma/Assess/target/surefire 2023-04-25T22-42-49_810-jvmRun1 surefire-20230425224249994_1tmp surefire_0-20230425224249994_2tmp"/>
    <property name="jdk.debug" value="release"/>
    <property name="surefire.test.class.path" value="/home/nileshsharma/Documents/LendFoundryLOS/Nilesh Sharma/Assess/target/test-classes:/home/nileshsharma/Documents/LendFoundryLOS/Nilesh Sharma/Assess/target/classes:/home/nileshsharma/.m2/repository/org/apache/axis2/axis2-adb/1.8.2/axis2-adb-1.8.2.jar:/home/nileshsharma/.m2/repository/org/apache/axis2/axis2-kernel/1.8.2/axis2-kernel-1.8.2.jar:/home/nileshsharma/.m2/repository/org/apache/ws/commons/axiom/axiom-api/1.4.0/axiom-api-1.4.0.jar:/home/nileshsharma/.m2/repository/jaxen/jaxen/1.2.0/jaxen-1.2.0.jar:/home/nileshsharma/.m2/repository/org/apache/james/apache-mime4j-core/0.8.6/apache-mime4j-core-0.8.6.jar:/home/nileshsharma/.m2/repository/jakarta/activation/jakarta.activation-api/1.2.2/jakarta.activation-api-1.2.2.jar:/home/nileshsharma/.m2/repository/org/apache/ws/commons/axiom/axiom-impl/1.4.0/axiom-impl-1.4.0.jar:/home/nileshsharma/.m2/repository/org/apache/geronimo/specs/geronimo-ws-metadata_2.0_spec/1.1.3/geronimo-ws-metadata_2.0_spec-1.1.3.jar:/home/nileshsharma/.m2/repository/javax/transaction/javax.transaction-api/1.3/javax.transaction-api-1.3.jar:/home/nileshsharma/.m2/repository/javax/servlet/javax.servlet-api/3.1.0/javax.servlet-api-3.1.0.jar:/home/nileshsharma/.m2/repository/commons-fileupload/commons-fileupload/1.4/commons-fileupload-1.4.jar:/home/nileshsharma/.m2/repository/wsdl4j/wsdl4j/1.6.3/wsdl4j-1.6.3.jar:/home/nileshsharma/.m2/repository/org/apache/ws/xmlschema/xmlschema-core/2.3.0/xmlschema-core-2.3.0.jar:/home/nileshsharma/.m2/repository/org/apache/neethi/neethi/3.2.0/neethi-3.2.0.jar:/home/nileshsharma/.m2/repository/org/apache/woden/woden-core/1.0M10/woden-core-1.0M10.jar:/home/nileshsharma/.m2/repository/commons-logging/commons-logging/1.2/commons-logging-1.2.jar:/home/nileshsharma/.m2/repository/javax/ws/rs/jsr311-api/1.1.1/jsr311-api-1.1.1.jar:/home/nileshsharma/.m2/repository/org/apache/ws/commons/axiom/axiom-dom/1.4.0/axiom-dom-1.4.0.jar:/home/nileshsharma/.m2/repository/com/fasterxml/woodstox/woodstox-core/6.2.8/woodstox-core-6.2.8.jar:/home/nileshsharma/.m2/repository/org/codehaus/woodstox/stax2-api/4.2.1/stax2-api-4.2.1.jar:/home/nileshsharma/.m2/repository/org/apache/axis2/axis2-transport-http/1.8.2/axis2-transport-http-1.8.2.jar:/home/nileshsharma/.m2/repository/org/apache/httpcomponents/httpclient/4.5.13/httpclient-4.5.13.jar:/home/nileshsharma/.m2/repository/org/apache/httpcomponents/httpcore/4.4.13/httpcore-4.4.13.jar:/home/nileshsharma/.m2/repository/org/apache/axis2/axis2-transport-local/1.8.2/axis2-transport-local-1.8.2.jar:/home/nileshsharma/.m2/repository/org/testng/testng/7.5/testng-7.5.jar:/home/nileshsharma/.m2/repository/com/google/code/findbugs/jsr305/3.0.1/jsr305-3.0.1.jar:/home/nileshsharma/.m2/repository/com/beust/jcommander/1.78/jcommander-1.78.jar:/home/nileshsharma/.m2/repository/org/webjars/jquery/3.5.1/jquery-3.5.1.jar:/home/nileshsharma/.m2/repository/org/slf4j/slf4j-log4j12/2.0.0-alpha6/slf4j-log4j12-2.0.0-alpha6.jar:/home/nileshsharma/.m2/repository/log4j/log4j/1.2.17/log4j-1.2.17.jar:/home/nileshsharma/.m2/repository/org/seleniumhq/selenium/selenium-java/4.8.3/selenium-java-4.8.3.jar:/home/nileshsharma/.m2/repository/org/seleniumhq/selenium/selenium-api/4.8.3/selenium-api-4.8.3.jar:/home/nileshsharma/.m2/repository/org/seleniumhq/selenium/selenium-chrome-driver/4.8.3/selenium-chrome-driver-4.8.3.jar:/home/nileshsharma/.m2/repository/com/google/guava/guava/31.1-jre/guava-31.1-jre.jar:/home/nileshsharma/.m2/repository/com/google/guava/failureaccess/1.0.1/failureaccess-1.0.1.jar:/home/nileshsharma/.m2/repository/com/google/guava/listenablefuture/9999.0-empty-to-avoid-conflict-with-guava/listenablefuture-9999.0-empty-to-avoid-conflict-with-guava.jar:/home/nileshsharma/.m2/repository/org/checkerframework/checker-qual/3.12.0/checker-qual-3.12.0.jar:/home/nileshsharma/.m2/repository/com/google/errorprone/error_prone_annotations/2.11.0/error_prone_annotations-2.11.0.jar:/home/nileshsharma/.m2/repository/com/google/j2objc/j2objc-annotations/1.3/j2objc-annotations-1.3.jar:/home/nileshsharma/.m2/repository/org/seleniumhq/selenium/selenium-chromium-driver/4.8.3/selenium-chromium-driver-4.8.3.jar:/home/nileshsharma/.m2/repository/org/seleniumhq/selenium/selenium-json/4.8.3/selenium-json-4.8.3.jar:/home/nileshsharma/.m2/repository/org/seleniumhq/selenium/selenium-manager/4.8.3/selenium-manager-4.8.3.jar:/home/nileshsharma/.m2/repository/org/seleniumhq/selenium/selenium-devtools-v109/4.8.3/selenium-devtools-v109-4.8.3.jar:/home/nileshsharma/.m2/repository/org/seleniumhq/selenium/selenium-devtools-v110/4.8.3/selenium-devtools-v110-4.8.3.jar:/home/nileshsharma/.m2/repository/org/seleniumhq/selenium/selenium-devtools-v111/4.8.3/selenium-devtools-v111-4.8.3.jar:/home/nileshsharma/.m2/repository/org/seleniumhq/selenium/selenium-devtools-v85/4.8.3/selenium-devtools-v85-4.8.3.jar:/home/nileshsharma/.m2/repository/org/seleniumhq/selenium/selenium-edge-driver/4.8.3/selenium-edge-driver-4.8.3.jar:/home/nileshsharma/.m2/repository/org/seleniumhq/selenium/selenium-firefox-driver/4.8.3/selenium-firefox-driver-4.8.3.jar:/home/nileshsharma/.m2/repository/org/seleniumhq/selenium/selenium-ie-driver/4.8.3/selenium-ie-driver-4.8.3.jar:/home/nileshsharma/.m2/repository/org/seleniumhq/selenium/selenium-remote-driver/4.8.3/selenium-remote-driver-4.8.3.jar:/home/nileshsharma/.m2/repository/io/netty/netty-buffer/4.1.90.Final/netty-buffer-4.1.90.Final.jar:/home/nileshsharma/.m2/repository/io/netty/netty-codec-http/4.1.90.Final/netty-codec-http-4.1.90.Final.jar:/home/nileshsharma/.m2/repository/io/netty/netty-codec/4.1.90.Final/netty-codec-4.1.90.Final.jar:/home/nileshsharma/.m2/repository/io/netty/netty-handler/4.1.90.Final/netty-handler-4.1.90.Final.jar:/home/nileshsharma/.m2/repository/io/netty/netty-common/4.1.90.Final/netty-common-4.1.90.Final.jar:/home/nileshsharma/.m2/repository/io/netty/netty-transport-classes-epoll/4.1.90.Final/netty-transport-classes-epoll-4.1.90.Final.jar:/home/nileshsharma/.m2/repository/io/netty/netty-transport-classes-kqueue/4.1.90.Final/netty-transport-classes-kqueue-4.1.90.Final.jar:/home/nileshsharma/.m2/repository/io/netty/netty-transport-native-epoll/4.1.90.Final/netty-transport-native-epoll-4.1.90.Final.jar:/home/nileshsharma/.m2/repository/io/netty/netty-transport-native-kqueue/4.1.90.Final/netty-transport-native-kqueue-4.1.90.Final.jar:/home/nileshsharma/.m2/repository/io/netty/netty-transport-native-unix-common/4.1.90.Final/netty-transport-native-unix-common-4.1.90.Final.jar:/home/nileshsharma/.m2/repository/io/netty/netty-transport/4.1.90.Final/netty-transport-4.1.90.Final.jar:/home/nileshsharma/.m2/repository/io/netty/netty-resolver/4.1.90.Final/netty-resolver-4.1.90.Final.jar:/home/nileshsharma/.m2/repository/io/opentelemetry/opentelemetry-api/1.24.0/opentelemetry-api-1.24.0.jar:/home/nileshsharma/.m2/repository/io/opentelemetry/opentelemetry-context/1.24.0/opentelemetry-context-1.24.0.jar:/home/nileshsharma/.m2/repository/io/opentelemetry/opentelemetry-exporter-logging/1.24.0/opentelemetry-exporter-logging-1.24.0.jar:/home/nileshsharma/.m2/repository/io/opentelemetry/opentelemetry-sdk-metrics/1.24.0/opentelemetry-sdk-metrics-1.24.0.jar:/home/nileshsharma/.m2/repository/io/opentelemetry/opentelemetry-sdk-logs/1.24.0-alpha/opentelemetry-sdk-logs-1.24.0-alpha.jar:/home/nileshsharma/.m2/repository/io/opentelemetry/opentelemetry-api-logs/1.24.0-alpha/opentelemetry-api-logs-1.24.0-alpha.jar:/home/nileshsharma/.m2/repository/io/opentelemetry/opentelemetry-api-events/1.24.0-alpha/opentelemetry-api-events-1.24.0-alpha.jar:/home/nileshsharma/.m2/repository/io/opentelemetry/opentelemetry-sdk-common/1.24.0/opentelemetry-sdk-common-1.24.0.jar:/home/nileshsharma/.m2/repository/io/opentelemetry/opentelemetry-sdk-extension-autoconfigure-spi/1.24.0/opentelemetry-sdk-extension-autoconfigure-spi-1.24.0.jar:/home/nileshsharma/.m2/repository/io/opentelemetry/opentelemetry-sdk-extension-autoconfigure/1.24.0-alpha/opentelemetry-sdk-extension-autoconfigure-1.24.0-alpha.jar:/home/nileshsharma/.m2/repository/io/opentelemetry/opentelemetry-sdk-trace/1.24.0/opentelemetry-sdk-trace-1.24.0.jar:/home/nileshsharma/.m2/repository/io/opentelemetry/opentelemetry-sdk/1.24.0/opentelemetry-sdk-1.24.0.jar:/home/nileshsharma/.m2/repository/io/opentelemetry/opentelemetry-semconv/1.24.0-alpha/opentelemetry-semconv-1.24.0-alpha.jar:/home/nileshsharma/.m2/repository/io/ous/jtoml/2.0.0/jtoml-2.0.0.jar:/home/nileshsharma/.m2/repository/net/bytebuddy/byte-buddy/1.14.2/byte-buddy-1.14.2.jar:/home/nileshsharma/.m2/repository/org/apache/commons/commons-exec/1.3/commons-exec-1.3.jar:/home/nileshsharma/.m2/repository/org/asynchttpclient/async-http-client/2.12.3/async-http-client-2.12.3.jar:/home/nileshsharma/.m2/repository/org/asynchttpclient/async-http-client-netty-utils/2.12.3/async-http-client-netty-utils-2.12.3.jar:/home/nileshsharma/.m2/repository/io/netty/netty-codec-socks/4.1.60.Final/netty-codec-socks-4.1.60.Final.jar:/home/nileshsharma/.m2/repository/io/netty/netty-handler-proxy/4.1.60.Final/netty-handler-proxy-4.1.60.Final.jar:/home/nileshsharma/.m2/repository/io/netty/netty-transport-native-epoll/4.1.60.Final/netty-transport-native-epoll-4.1.60.Final-linux-x86_64.jar:/home/nileshsharma/.m2/repository/io/netty/netty-transport-native-kqueue/4.1.60.Final/netty-transport-native-kqueue-4.1.60.Final-osx-x86_64.jar:/home/nileshsharma/.m2/repository/com/typesafe/netty/netty-reactive-streams/2.0.4/netty-reactive-streams-2.0.4.jar:/home/nileshsharma/.m2/repository/com/sun/activation/jakarta.activation/1.2.2/jakarta.activation-1.2.2.jar:/home/nileshsharma/.m2/repository/org/seleniumhq/selenium/selenium-safari-driver/4.8.3/selenium-safari-driver-4.8.3.jar:/home/nileshsharma/.m2/repository/org/seleniumhq/selenium/selenium-support/4.8.3/selenium-support-4.8.3.jar:/home/nileshsharma/.m2/repository/commons-io/commons-io/2.11.0/commons-io-2.11.0.jar:/home/nileshsharma/.m2/repository/org/seleniumhq/selenium/selenium-http-jdk-client/4.8.1/selenium-http-jdk-client-4.8.1.jar:/home/nileshsharma/.m2/repository/com/google/auto/service/auto-service-annotations/1.0.1/auto-service-annotations-1.0.1.jar:/home/nileshsharma/.m2/repository/com/google/auto/service/auto-service/1.0.1/auto-service-1.0.1.jar:/home/nileshsharma/.m2/repository/com/google/auto/auto-common/1.2/auto-common-1.2.jar:/home/nileshsharma/.m2/repository/org/seleniumhq/selenium/selenium-http/4.8.1/selenium-http-4.8.1.jar:/home/nileshsharma/.m2/repository/dev/failsafe/failsafe/3.3.0/failsafe-3.3.0.jar:/home/nileshsharma/.m2/repository/org/apache/poi/poi-ooxml/3.17/poi-ooxml-3.17.jar:/home/nileshsharma/.m2/repository/org/apache/poi/poi-ooxml-schemas/3.17/poi-ooxml-schemas-3.17.jar:/home/nileshsharma/.m2/repository/org/apache/xmlbeans/xmlbeans/2.6.0/xmlbeans-2.6.0.jar:/home/nileshsharma/.m2/repository/stax/stax-api/1.0.1/stax-api-1.0.1.jar:/home/nileshsharma/.m2/repository/com/github/virtuald/curvesapi/1.04/curvesapi-1.04.jar:/home/nileshsharma/.m2/repository/org/apache/poi/poi/3.17/poi-3.17.jar:/home/nileshsharma/.m2/repository/commons-codec/commons-codec/1.10/commons-codec-1.10.jar:/home/nileshsharma/.m2/repository/org/apache/commons/commons-collections4/4.1/commons-collections4-4.1.jar:/home/nileshsharma/.m2/repository/org/slf4j/slf4j-api/2.0.3/slf4j-api-2.0.3.jar:/home/nileshsharma/.m2/repository/org/apache/commons/commons-email/1.5/commons-email-1.5.jar:/home/nileshsharma/.m2/repository/com/sun/mail/javax.mail/1.6.2/javax.mail-1.6.2.jar:/home/nileshsharma/.m2/repository/javax/activation/activation/1.1.1/activation-1.1.1.jar:/home/nileshsharma/.m2/repository/com/aventstack/extentreports/5.0.9/extentreports-5.0.9.jar:/home/nileshsharma/.m2/repository/io/reactivex/rxjava3/rxjava/3.0.4/rxjava-3.0.4.jar:/home/nileshsharma/.m2/repository/org/reactivestreams/reactive-streams/1.0.3/reactive-streams-1.0.3.jar:/home/nileshsharma/.m2/repository/org/freemarker/freemarker/2.3.30/freemarker-2.3.30.jar:/home/nileshsharma/.m2/repository/org/projectlombok/lombok/1.18.12/lombok-1.18.12.jar:/home/nileshsharma/.m2/repository/com/google/code/gson/gson/2.8.6/gson-2.8.6.jar:/home/nileshsharma/.m2/repository/org/springframework/boot/spring-boot-maven-plugin/2.7.9/spring-boot-maven-plugin-2.7.9.jar:/home/nileshsharma/.m2/repository/org/springframework/boot/spring-boot-buildpack-platform/2.7.9/spring-boot-buildpack-platform-2.7.9.jar:/home/nileshsharma/.m2/repository/com/fasterxml/jackson/core/jackson-databind/2.13.5/jackson-databind-2.13.5.jar:/home/nileshsharma/.m2/repository/com/fasterxml/jackson/core/jackson-annotations/2.13.5/jackson-annotations-2.13.5.jar:/home/nileshsharma/.m2/repository/com/fasterxml/jackson/core/jackson-core/2.13.5/jackson-core-2.13.5.jar:/home/nileshsharma/.m2/repository/com/fasterxml/jackson/module/jackson-module-parameter-names/2.13.5/jackson-module-parameter-names-2.13.5.jar:/home/nileshsharma/.m2/repository/net/java/dev/jna/jna-platform/5.7.0/jna-platform-5.7.0.jar:/home/nileshsharma/.m2/repository/net/java/dev/jna/jna/5.7.0/jna-5.7.0.jar:/home/nileshsharma/.m2/repository/org/apache/commons/commons-compress/1.21/commons-compress-1.21.jar:/home/nileshsharma/.m2/repository/org/springframework/spring-core/5.3.25/spring-core-5.3.25.jar:/home/nileshsharma/.m2/repository/org/springframework/spring-jcl/5.3.25/spring-jcl-5.3.25.jar:/home/nileshsharma/.m2/repository/org/tomlj/tomlj/1.0.0/tomlj-1.0.0.jar:/home/nileshsharma/.m2/repository/org/antlr/antlr4-runtime/4.7.2/antlr4-runtime-4.7.2.jar:/home/nileshsharma/.m2/repository/org/springframework/boot/spring-boot-loader-tools/2.7.9/spring-boot-loader-tools-2.7.9.jar:/home/nileshsharma/.m2/repository/org/sonatype/plexus/plexus-build-api/0.0.7/plexus-build-api-0.0.7.jar:/home/nileshsharma/.m2/repository/org/codehaus/plexus/plexus-utils/1.5.8/plexus-utils-1.5.8.jar:"/>
    <property name="sun.cpu.endian" value="little"/>
    <property name="user.home" value="/home/nileshsharma"/>
    <property name="user.language" value="en"/>
    <property name="java.specification.vendor" value="Oracle Corporation"/>
    <property name="java.version.date" value="2023-01-17"/>
    <property name="java.home" value="/usr/lib/jvm/java-11-openjdk-amd64"/>
    <property name="file.separator" value="/"/>
    <property name="basedir" value="/home/nileshsharma/Documents/LendFoundryLOS/Nilesh Sharma/Assess"/>
    <property name="java.vm.compressedOopsMode" value="Zero based"/>
    <property name="line.separator" value="&#10;"/>
    <property name="java.specification.name" value="Java Platform API Specification"/>
    <property name="java.vm.specification.vendor" value="Oracle Corporation"/>
    <property name="java.awt.graphicsenv" value="sun.awt.X11GraphicsEnvironment"/>
    <property name="surefire.real.class.path" value="/home/nileshsharma/Documents/LendFoundryLOS/Nilesh Sharma/Assess/target/surefire/surefirebooter-20230425224249994_3.jar"/>
    <property name="sun.management.compiler" value="HotSpot 64-Bit Tiered Compilers"/>
    <property name="java.runtime.version" value="11.0.18+10-post-Ubuntu-0ubuntu122.04"/>
    <property name="user.name" value="nileshsharma"/>
    <property name="path.separator" value=":"/>
    <property name="os.version" value="5.19.0-40-generic"/>
    <property name="java.runtime.name" value="OpenJDK Runtime Environment"/>
    <property name="file.encoding" value="UTF-8"/>
    <property name="java.vm.name" value="OpenJDK 64-Bit Server VM"/>
    <property name="localRepository" value="/home/nileshsharma/.m2/repository"/>
    <property name="java.vendor.url.bug" value="https://bugs.launchpad.net/ubuntu/+source/openjdk-lts"/>
    <property name="java.io.tmpdir" value="/tmp"/>
    <property name="java.version" value="11.0.18"/>
    <property name="user.dir" value="/home/nileshsharma/Documents/LendFoundryLOS/Nilesh Sharma/Assess"/>
    <property name="os.arch" value="amd64"/>
    <property name="java.vm.specification.name" value="Java Virtual Machine Specification"/>
    <property name="java.awt.printerjob" value="sun.print.PSPrinterJob"/>
    <property name="sun.os.patch.level" value="unknown"/>
    <property name="java.library.path" value="/usr/java/packages/lib:/usr/lib/x86_64-linux-gnu/jni:/lib/x86_64-linux-gnu:/usr/lib/x86_64-linux-gnu:/usr/lib/jni:/lib:/usr/lib"/>
    <property name="java.vm.info" value="mixed mode, sharing"/>
    <property name="java.vendor" value="Ubuntu"/>
    <property name="java.vm.version" value="11.0.18+10-post-Ubuntu-0ubuntu122.04"/>
    <property name="sun.io.unicode.encoding" value="UnicodeLittle"/>
    <property name="java.class.version" value="55.0"/>
  </properties>
  <testcase name="top" classname="Assignment.Assess.Base" time="0.011">
    <system-out><![CDATA[3333
]]></system-out>
    <system-err><![CDATA[log4j:WARN No appenders could be found for logger (org.testng.TestNG).
log4j:WARN Please initialize the log4j system properly.
log4j:WARN See http://logging.apache.org/log4j/1.2/faq.html#noconfig for more info.
Starting ChromeDriver 112.0.5615.49 (bd2a7bcb881c11e8cfe3078709382934e3916914-refs/branch-heads/5615@{#936}) on port 30751
Only local connections are allowed.
Please see https://chromedriver.chromium.org/security-considerations for suggestions on keeping ChromeDriver safe.
ChromeDriver was started successfully.
Apr 25, 2023 10:42:51 PM org.openqa.selenium.devtools.CdpVersionFinder findNearestMatch
WARNING: Unable to find an exact match for CDP version 112, so returning the closest version found: 111
]]></system-err>
  </testcase>
  <testcase name="top2" classname="Assignment.Assess.Base" time="0">
    <system-out><![CDATA[4444
]]></system-out>
  </testcase>
</testsuite>