<?xml version="1.0" encoding="UTF-8"?>
<!-- Generated by org.testng.reporters.JUnitReportReporter -->
<testsuite hostname="SISAHDLPT134" failures="0" tests="1" name="TestObjects.CareerPathPageTest" time="21.465" errors="0" timestamp="2023-04-26T21:09:21 IST" skipped="0">
  <testcase classname="TestObjects.CareerPathPageTest" name="blogVerification" time="21.465"/>
  <system-out/>
</testsuite> <!-- TestObjects.CareerPathPageTest -->
