<?xml version="1.0" encoding="UTF-8"?>
<!-- Generated by org.testng.reporters.JUnitReportReporter -->
<testsuite hostname="SISAHDLPT134" failures="0" tests="1" name="TestObjects.OpenCareerPathTest" time="2.127" errors="0" timestamp="2023-04-26T21:09:21 IST" skipped="0">
  <testcase classname="TestObjects.OpenCareerPathTest" name="OpenCareerPage" time="2.127"/>
  <system-out/>
</testsuite> <!-- TestObjects.OpenCareerPathTest -->
