<?xml version="1.0" encoding="UTF-8"?>
<!-- Generated by org.testng.reporters.JUnitReportReporter -->
<testsuite hostname="SISAHDLPT134" failures="0" tests="3" name="TestObjects.Assignment_2" time="42.718" errors="0" timestamp="2023-04-27T00:27:24 IST" skipped="0">
  <testcase classname="TestObjects.Assignment_2" name="OpenCareerPage" time="2.142"/>
  <system-out/>
  <testcase classname="TestObjects.Assignment_2" name="blogVerification" time="22.388"/>
  <system-out/>
  <testcase classname="TestObjects.Assignment_2" name="verifyRecentBlogs" time="18.188"/>
  <system-out/>
</testsuite> <!-- TestObjects.Assignment_2 -->
