<?xml version="1.0" encoding="UTF-8"?>
<!-- Generated by org.testng.reporters.JUnitReportReporter -->
<testsuite hostname="SISAHDLPT134" failures="0" tests="4" name="TestObjects.Assignment_1" time="55.035" errors="0" timestamp="2023-04-27T00:27:24 IST" skipped="0">
  <testcase classname="TestObjects.Assignment_1" name="UserLogin" time="9.255"/>
  <system-out/>
  <testcase classname="TestObjects.Assignment_1" name="openJobPage" time="2.322"/>
  <system-out/>
  <testcase classname="TestObjects.Assignment_1" name="StartTheConvo" time="10.714"/>
  <system-out/>
  <testcase classname="TestObjects.Assignment_1" name="verifyMessage" time="32.744"/>
  <system-out/>
</testsuite> <!-- TestObjects.Assignment_1 -->
