<?xml version="1.0" encoding="UTF-8"?>
<!-- Generated by org.testng.reporters.JUnitReportReporter -->
<testsuite hostname="SISAHDLPT134" failures="0" tests="1" name="TestObjects.LoginScreenTest" time="9.156" errors="0" timestamp="2023-04-26T22:46:26 IST" skipped="0">
  <testcase classname="TestObjects.LoginScreenTest" name="UserLogin" time="9.156"/>
  <system-out/>
</testsuite> <!-- TestObjects.LoginScreenTest -->
