<?xml version="1.0" encoding="UTF-8"?>
<!-- Generated by org.testng.reporters.JUnitReportReporter -->
<testsuite hostname="SISAHDLPT134" failures="0" tests="3" name="TestObjects.Assignment_2" time="47.565" errors="0" timestamp="2023-04-30T00:18:13 IST" skipped="0">
  <testcase classname="TestObjects.Assignment_2" name="OpenCareerPage" time="6.660"/>
  <system-out/>
  <testcase classname="TestObjects.Assignment_2" name="blogVerification" time="20.606"/>
  <system-out/>
  <testcase classname="TestObjects.Assignment_2" name="verifyRecentBlogs" time="20.299"/>
  <system-out/>
</testsuite> <!-- TestObjects.Assignment_2 -->
