<?xml version="1.0" encoding="UTF-8"?>
<!-- Generated by org.testng.reporters.JUnitReportReporter -->
<testsuite hostname="SISAHDLPT134" failures="0" tests="1" name="TestObjects.DashboardTest" time="5.908" errors="0" timestamp="2023-04-26T22:46:26 IST" skipped="0">
  <testcase classname="TestObjects.DashboardTest" name="openJobPage" time="5.908"/>
  <system-out/>
</testsuite> <!-- TestObjects.DashboardTest -->
