<?xml version="1.0" encoding="UTF-8"?>
<!-- Generated by org.testng.reporters.JUnitReportReporter -->
<testsuite hostname="SISAHDLPT134" failures="0" tests="2" name="TestObjects.CareerJobPageTest" time="29.693" errors="0" timestamp="2023-04-26T22:46:26 IST" skipped="0">
  <testcase classname="TestObjects.CareerJobPageTest" name="StartTheConvo" time="9.074"/>
  <system-out/>
  <testcase classname="TestObjects.CareerJobPageTest" name="verifyMessage" time="20.619"/>
  <system-out/>
</testsuite> <!-- TestObjects.CareerJobPageTest -->
