<?xml version="1.0" encoding="UTF-8"?>
<!-- Generated by org.testng.reporters.JUnitReportReporter -->
<testsuite hostname="SISAHDLPT134" failures="0" tests="4" name="TestObjects.Assignment_1" time="71.983" errors="0" timestamp="2023-04-27T10:47:51 IST" skipped="0">
  <testcase classname="TestObjects.Assignment_1" name="UserLogin" time="10.415"/>
  <system-out/>
  <testcase classname="TestObjects.Assignment_1" name="openJobPage" time="11.245"/>
  <system-out/>
  <testcase classname="TestObjects.Assignment_1" name="StartTheConvo" time="12.226"/>
  <system-out/>
  <testcase classname="TestObjects.Assignment_1" name="verifyMessage" time="38.097"/>
  <system-out/>
</testsuite> <!-- TestObjects.Assignment_1 -->
