<?xml version="1.0" encoding="UTF-8"?>
<!-- Generated by org.testng.reporters.JUnitReportReporter -->
<testsuite hostname="SISAHDLPT134" failures="0" tests="3" name="TestObjects.Assignment_2" time="53.172" errors="0" timestamp="2023-04-27T10:47:51 IST" skipped="0">
  <testcase classname="TestObjects.Assignment_2" name="OpenCareerPage" time="2.270"/>
  <system-out/>
  <testcase classname="TestObjects.Assignment_2" name="blogVerification" time="23.650"/>
  <system-out/>
  <testcase classname="TestObjects.Assignment_2" name="verifyRecentBlogs" time="27.252"/>
  <system-out/>
</testsuite> <!-- TestObjects.Assignment_2 -->
