<?xml version="1.0" encoding="UTF-8"?>
<!-- Generated by org.testng.reporters.JUnitReportReporter -->
<testsuite hostname="SISAHDLPT134" failures="0" tests="4" name="TestObjects.Assignment_1" time="55.400" errors="0" timestamp="2023-04-27T01:17:08 IST" skipped="0">
  <testcase classname="TestObjects.Assignment_1" name="UserLogin" time="10.164"/>
  <system-out/>
  <testcase classname="TestObjects.Assignment_1" name="openJobPage" time="2.565"/>
  <system-out/>
  <testcase classname="TestObjects.Assignment_1" name="StartTheConvo" time="10.824"/>
  <system-out/>
  <testcase classname="TestObjects.Assignment_1" name="verifyMessage" time="31.847"/>
  <system-out/>
</testsuite> <!-- TestObjects.Assignment_1 -->
