<?xml version="1.0" encoding="UTF-8"?>
<!-- Generated by org.testng.reporters.JUnitReportReporter -->
<testsuite hostname="SISAHDLPT134" failures="0" tests="3" name="TestObjects.Assignment_2" time="39.087" errors="0" timestamp="2023-04-27T01:17:08 IST" skipped="0">
  <testcase classname="TestObjects.Assignment_2" name="OpenCareerPage" time="2.236"/>
  <system-out/>
  <testcase classname="TestObjects.Assignment_2" name="blogVerification" time="21.024"/>
  <system-out/>
  <testcase classname="TestObjects.Assignment_2" name="verifyRecentBlogs" time="15.827"/>
  <system-out/>
</testsuite> <!-- TestObjects.Assignment_2 -->
