<?xml version="1.0" encoding="UTF-8"?>
<!-- Generated by org.testng.reporters.JUnitReportReporter -->
<testsuite hostname="SISAHDLPT134" failures="0" tests="2" name="Assignment.Assess.Base" time="0.005" errors="0" timestamp="2023-04-25T22:42:51 IST" skipped="0">
  <testcase classname="Assignment.Assess.Base" name="top" time="0.004"/>
  <system-out/>
  <testcase classname="Assignment.Assess.Base" name="top2" time="0.001"/>
  <system-out/>
</testsuite> <!-- Assignment.Assess.Base -->
